<?xml version="1.0" encoding="UTF-8"?>
<testng-results ignored="0" total="1" passed="1" failed="0" skipped="0">
  <reporter-output>
  </reporter-output>
  <suite started-at="2022-02-07T22:55:56 CST" name="Suite" finished-at="2022-02-07T22:56:02 CST" duration-ms="6814">
    <groups>
    </groups>
    <test started-at="2022-02-07T22:55:56 CST" name="Test" finished-at="2022-02-07T22:56:02 CST" duration-ms="6814">
      <class name="com.sdet.Login_Test">
        <test-method signature="login()[pri:0, instance:com.sdet.Login_Test@22ef9844]" started-at="2022-02-07T22:55:56 CST" name="login" finished-at="2022-02-07T22:56:02 CST" duration-ms="6754" status="PASS">
          <reporter-output>
          </reporter-output>
        </test-method> <!-- login -->
      </class> <!-- com.sdet.Login_Test -->
    </test> <!-- Test -->
  </suite> <!-- Suite -->
</testng-results>
